<?xml version="1.0" encoding="UTF-8"?>
<TestRun id="f934fb5d-5625-4c9a-bc3f-fc9e8a85ad3f" name="Javi@JAVI-PC 2010-09-19 18:11:47" runUser="Javi-PC\Javi" xmlns="http://microsoft.com/schemas/VisualStudio/TeamTest/2010">
  <TestSettings name="Local" id="da34d0b4-0511-46eb-bb91-669de211e68e">
    <Description>These are default test settings for a local test run.</Description>
    <Deployment enabled="false" runDeploymentRoot="Javi_JAVI-PC 2010-09-19 18_11_47">
      <DeploymentItem filename="C:\Code\WcfHttpAuth\WcfHttpAuth\bin\Debug\WcfHttpAuth.dll" />
    </Deployment>
    <Execution>
      <TestTypeSpecific />
      <AgentRule name="Execution Agents">
      </AgentRule>
    </Execution>
  </TestSettings>
  <Times creation="2010-09-19T18:11:47.3032822+02:00" queuing="2010-09-19T18:11:51.3945162+02:00" start="2010-09-19T18:11:51.4085170+02:00" finish="2010-09-19T18:11:53.4226322+02:00" />
  <ResultSummary outcome="Failed">
    <Counters total="8" executed="8" passed="6" error="0" failed="2" timeout="0" aborted="0" inconclusive="0" passedButRunAborted="0" notRunnable="0" notExecuted="0" disconnected="0" warning="0" completed="0" inProgress="0" pending="0" />
  </ResultSummary>
  <TestDefinitions>
    <UnitTest name="Given_credentials_are_invalid_then_should_return_401" storage="c:\code\wcfhttpauth\wcfhttpauth.integrationtests\bin\debug\wcfhttpauth.integrationtests.dll" id="9566efb0-741c-90b7-c3af-168c9f4ebed6">
      <Execution id="1d9dc826-0530-49c6-bd1e-26d62acfe141" />
      <TestMethod codeBase="C:/Code/WcfHttpAuth/WcfHttpAuth.IntegrationTests/bin/Debug/WcfHttpAuth.IntegrationTests.DLL" adapterTypeName="Microsoft.VisualStudio.TestTools.TestTypes.Unit.UnitTestAdapter, Microsoft.VisualStudio.QualityTools.Tips.UnitTest.Adapter, Version=10.0.0.0, Culture=neutral, PublicKeyToken=b03f5f7f11d50a3a" className="WcfHttpAuth.IntegrationTests.When_calling_a_wsse_auth_service, WcfHttpAuth.IntegrationTests, Version=1.0.0.0, Culture=neutral, PublicKeyToken=null" name="Given_credentials_are_invalid_then_should_return_401" />
    </UnitTest>
    <UnitTest name="Given_credentials_are_valid_then_should_return_200" storage="c:\code\wcfhttpauth\wcfhttpauth.integrationtests\bin\debug\wcfhttpauth.integrationtests.dll" id="3d5a2998-aebd-79e2-bb3a-f979cf6d64b5">
      <Execution id="8eb5699a-82e0-464e-926d-13d24efe1cdd" />
      <TestMethod codeBase="C:/Code/WcfHttpAuth/WcfHttpAuth.IntegrationTests/bin/Debug/WcfHttpAuth.IntegrationTests.DLL" adapterTypeName="Microsoft.VisualStudio.TestTools.TestTypes.Unit.UnitTestAdapter, Microsoft.VisualStudio.QualityTools.Tips.UnitTest.Adapter, Version=10.0.0.0, Culture=neutral, PublicKeyToken=b03f5f7f11d50a3a" className="WcfHttpAuth.IntegrationTests.When_calling_a_wsse_auth_service, WcfHttpAuth.IntegrationTests, Version=1.0.0.0, Culture=neutral, PublicKeyToken=null" name="Given_credentials_are_valid_then_should_return_200" />
    </UnitTest>
    <UnitTest name="Given_credentials_are_invalid_then_should_return_401" storage="c:\code\wcfhttpauth\wcfhttpauth.integrationtests\bin\debug\wcfhttpauth.integrationtests.dll" id="66708f93-7293-f476-715a-1f4ac9ebac9e">
      <Execution id="9ee5da1c-9908-4b20-abf4-0102e9c24215" />
      <TestMethod codeBase="C:/Code/WcfHttpAuth/WcfHttpAuth.IntegrationTests/bin/Debug/WcfHttpAuth.IntegrationTests.DLL" adapterTypeName="Microsoft.VisualStudio.TestTools.TestTypes.Unit.UnitTestAdapter, Microsoft.VisualStudio.QualityTools.Tips.UnitTest.Adapter, Version=10.0.0.0, Culture=neutral, PublicKeyToken=b03f5f7f11d50a3a" className="WcfHttpAuth.IntegrationTests.When_calling_a_basic_auth_service, WcfHttpAuth.IntegrationTests, Version=1.0.0.0, Culture=neutral, PublicKeyToken=null" name="Given_credentials_are_invalid_then_should_return_401" />
    </UnitTest>
    <UnitTest name="Given_timestamp_is_below_the_approved_threshold_then_should_return_401" storage="c:\code\wcfhttpauth\wcfhttpauth.integrationtests\bin\debug\wcfhttpauth.integrationtests.dll" id="ba1b1b35-e1e2-2b9b-09cc-5b51b77ffa91">
      <Execution id="7d32af43-83fb-47fa-9a4a-aa344d085336" />
      <TestMethod codeBase="C:/Code/WcfHttpAuth/WcfHttpAuth.IntegrationTests/bin/Debug/WcfHttpAuth.IntegrationTests.DLL" adapterTypeName="Microsoft.VisualStudio.TestTools.TestTypes.Unit.UnitTestAdapter, Microsoft.VisualStudio.QualityTools.Tips.UnitTest.Adapter, Version=10.0.0.0, Culture=neutral, PublicKeyToken=b03f5f7f11d50a3a" className="WcfHttpAuth.IntegrationTests.When_calling_a_wsse_auth_service, WcfHttpAuth.IntegrationTests, Version=1.0.0.0, Culture=neutral, PublicKeyToken=null" name="Given_timestamp_is_below_the_approved_threshold_then_should_return_401" />
    </UnitTest>
    <UnitTest name="Given_timestamp_is_above_the_approved_threshold_then_should_return_401" storage="c:\code\wcfhttpauth\wcfhttpauth.integrationtests\bin\debug\wcfhttpauth.integrationtests.dll" id="5d878050-317c-80e9-9104-b446890bd937">
      <Execution id="957be4b1-ef1b-45a4-be5b-19d0ceb63cbc" />
      <TestMethod codeBase="C:/Code/WcfHttpAuth/WcfHttpAuth.IntegrationTests/bin/Debug/WcfHttpAuth.IntegrationTests.DLL" adapterTypeName="Microsoft.VisualStudio.TestTools.TestTypes.Unit.UnitTestAdapter, Microsoft.VisualStudio.QualityTools.Tips.UnitTest.Adapter, Version=10.0.0.0, Culture=neutral, PublicKeyToken=b03f5f7f11d50a3a" className="WcfHttpAuth.IntegrationTests.When_calling_a_wsse_auth_service, WcfHttpAuth.IntegrationTests, Version=1.0.0.0, Culture=neutral, PublicKeyToken=null" name="Given_timestamp_is_above_the_approved_threshold_then_should_return_401" />
    </UnitTest>
    <UnitTest name="Given_credentials_are_invalid_then_should_return_401" storage="c:\code\wcfhttpauth\wcfhttpauth.integrationtests\bin\debug\wcfhttpauth.integrationtests.dll" id="a9883bd5-00d9-e7fe-8003-6f56df192769">
      <Execution id="1bbd3aea-b7ef-4ecd-9982-acbc175a8dd3" />
      <TestMethod codeBase="C:/Code/WcfHttpAuth/WcfHttpAuth.IntegrationTests/bin/Debug/WcfHttpAuth.IntegrationTests.DLL" adapterTypeName="Microsoft.VisualStudio.TestTools.TestTypes.Unit.UnitTestAdapter, Microsoft.VisualStudio.QualityTools.Tips.UnitTest.Adapter, Version=10.0.0.0, Culture=neutral, PublicKeyToken=b03f5f7f11d50a3a" className="WcfHttpAuth.IntegrationTests.When_calling_a_digest_auth_service, WcfHttpAuth.IntegrationTests, Version=1.0.0.0, Culture=neutral, PublicKeyToken=null" name="Given_credentials_are_invalid_then_should_return_401" />
    </UnitTest>
    <UnitTest name="Given_credentials_are_valid_then_should_return_200" storage="c:\code\wcfhttpauth\wcfhttpauth.integrationtests\bin\debug\wcfhttpauth.integrationtests.dll" id="5d656e4d-d5f4-b90e-79a7-216a440af9f0">
      <Execution id="4ea3f775-52db-452c-ad2e-926ffc933d1a" />
      <TestMethod codeBase="C:/Code/WcfHttpAuth/WcfHttpAuth.IntegrationTests/bin/Debug/WcfHttpAuth.IntegrationTests.DLL" adapterTypeName="Microsoft.VisualStudio.TestTools.TestTypes.Unit.UnitTestAdapter, Microsoft.VisualStudio.QualityTools.Tips.UnitTest.Adapter, Version=10.0.0.0, Culture=neutral, PublicKeyToken=b03f5f7f11d50a3a" className="WcfHttpAuth.IntegrationTests.When_calling_a_digest_auth_service, WcfHttpAuth.IntegrationTests, Version=1.0.0.0, Culture=neutral, PublicKeyToken=null" name="Given_credentials_are_valid_then_should_return_200" />
    </UnitTest>
    <UnitTest name="Given_credentials_are_valid_then_should_return_200" storage="c:\code\wcfhttpauth\wcfhttpauth.integrationtests\bin\debug\wcfhttpauth.integrationtests.dll" id="d2c4f2ed-2807-a47b-bc9e-9a4b6401e12e">
      <Execution id="cc7cc76e-6d2c-40c6-8d0d-8370245bae9e" />
      <TestMethod codeBase="C:/Code/WcfHttpAuth/WcfHttpAuth.IntegrationTests/bin/Debug/WcfHttpAuth.IntegrationTests.DLL" adapterTypeName="Microsoft.VisualStudio.TestTools.TestTypes.Unit.UnitTestAdapter, Microsoft.VisualStudio.QualityTools.Tips.UnitTest.Adapter, Version=10.0.0.0, Culture=neutral, PublicKeyToken=b03f5f7f11d50a3a" className="WcfHttpAuth.IntegrationTests.When_calling_a_basic_auth_service, WcfHttpAuth.IntegrationTests, Version=1.0.0.0, Culture=neutral, PublicKeyToken=null" name="Given_credentials_are_valid_then_should_return_200" />
    </UnitTest>
  </TestDefinitions>
  <TestLists>
    <TestList name="Results Not in a List" id="8c84fa94-04c1-424b-9868-57a2d4851a1d" />
    <TestList name="All Loaded Results" id="19431567-8539-422a-85d7-44ee4e166bda" />
  </TestLists>
  <TestEntries>
    <TestEntry testId="3d5a2998-aebd-79e2-bb3a-f979cf6d64b5" executionId="8eb5699a-82e0-464e-926d-13d24efe1cdd" testListId="8c84fa94-04c1-424b-9868-57a2d4851a1d" />
    <TestEntry testId="5d656e4d-d5f4-b90e-79a7-216a440af9f0" executionId="4ea3f775-52db-452c-ad2e-926ffc933d1a" testListId="8c84fa94-04c1-424b-9868-57a2d4851a1d" />
    <TestEntry testId="5d878050-317c-80e9-9104-b446890bd937" executionId="957be4b1-ef1b-45a4-be5b-19d0ceb63cbc" testListId="8c84fa94-04c1-424b-9868-57a2d4851a1d" />
    <TestEntry testId="66708f93-7293-f476-715a-1f4ac9ebac9e" executionId="9ee5da1c-9908-4b20-abf4-0102e9c24215" testListId="8c84fa94-04c1-424b-9868-57a2d4851a1d" />
    <TestEntry testId="9566efb0-741c-90b7-c3af-168c9f4ebed6" executionId="1d9dc826-0530-49c6-bd1e-26d62acfe141" testListId="8c84fa94-04c1-424b-9868-57a2d4851a1d" />
    <TestEntry testId="a9883bd5-00d9-e7fe-8003-6f56df192769" executionId="1bbd3aea-b7ef-4ecd-9982-acbc175a8dd3" testListId="8c84fa94-04c1-424b-9868-57a2d4851a1d" />
    <TestEntry testId="ba1b1b35-e1e2-2b9b-09cc-5b51b77ffa91" executionId="7d32af43-83fb-47fa-9a4a-aa344d085336" testListId="8c84fa94-04c1-424b-9868-57a2d4851a1d" />
    <TestEntry testId="d2c4f2ed-2807-a47b-bc9e-9a4b6401e12e" executionId="cc7cc76e-6d2c-40c6-8d0d-8370245bae9e" testListId="8c84fa94-04c1-424b-9868-57a2d4851a1d" />
  </TestEntries>
  <Results>
    <UnitTestResult executionId="8eb5699a-82e0-464e-926d-13d24efe1cdd" testId="3d5a2998-aebd-79e2-bb3a-f979cf6d64b5" testName="Given_credentials_are_valid_then_should_return_200" computerName="JAVI-PC" duration="00:00:01.5732676" startTime="2010-09-19T18:11:51.4215177+02:00" endTime="2010-09-19T18:11:53.2526225+02:00" testType="13cdc9d9-ddb5-4fa4-a97d-d965ccfc6d4b" outcome="Passed" testListId="8c84fa94-04c1-424b-9868-57a2d4851a1d" relativeResultsDirectory="8eb5699a-82e0-464e-926d-13d24efe1cdd">
    </UnitTestResult>
    <UnitTestResult executionId="4ea3f775-52db-452c-ad2e-926ffc933d1a" testId="5d656e4d-d5f4-b90e-79a7-216a440af9f0" testName="Given_credentials_are_valid_then_should_return_200" computerName="JAVI-PC" duration="00:00:00.0316225" startTime="2010-09-19T18:11:53.2546226+02:00" endTime="2010-09-19T18:11:53.2936248+02:00" testType="13cdc9d9-ddb5-4fa4-a97d-d965ccfc6d4b" outcome="Failed" testListId="8c84fa94-04c1-424b-9868-57a2d4851a1d" relativeResultsDirectory="4ea3f775-52db-452c-ad2e-926ffc933d1a">
      <Output>
        <ErrorInfo>
          <Message>Test method WcfHttpAuth.IntegrationTests.When_calling_a_digest_auth_service.Given_credentials_are_valid_then_should_return_200 threw exception: 
System.Net.WebException: The remote server returned an error: (401) Unauthorized.</Message>
          <StackTrace>    at System.Net.HttpWebRequest.GetResponse()
   at WcfHttpAuth.Digest.DigestSession..ctor(WebRequest request, String realm, String username, String password) in C:\Code\WcfHttpAuth\WcfHttpAuth\Digest\DigestSession.cs:line 31
   at WcfHttpAuth.Digest.DigestSession..ctor(String url, String realm, String username, String password) in C:\Code\WcfHttpAuth\WcfHttpAuth\Digest\DigestSession.cs:line 19
   at WcfHttpAuth.IntegrationTests.When_calling_a_digest_auth_service.Given_credentials_are_valid_then_should_return_200() in C:\Code\WcfHttpAuth\WcfHttpAuth.IntegrationTests\When_calling_a_digest_auth_service.cs:line 33
</StackTrace>
        </ErrorInfo>
      </Output>
    </UnitTestResult>
    <UnitTestResult executionId="957be4b1-ef1b-45a4-be5b-19d0ceb63cbc" testId="5d878050-317c-80e9-9104-b446890bd937" testName="Given_timestamp_is_above_the_approved_threshold_then_should_return_401" computerName="JAVI-PC" duration="00:00:00.0040919" startTime="2010-09-19T18:11:53.2996252+02:00" endTime="2010-09-19T18:11:53.3126259+02:00" testType="13cdc9d9-ddb5-4fa4-a97d-d965ccfc6d4b" outcome="Passed" testListId="8c84fa94-04c1-424b-9868-57a2d4851a1d" relativeResultsDirectory="957be4b1-ef1b-45a4-be5b-19d0ceb63cbc">
    </UnitTestResult>
    <UnitTestResult executionId="9ee5da1c-9908-4b20-abf4-0102e9c24215" testId="66708f93-7293-f476-715a-1f4ac9ebac9e" testName="Given_credentials_are_invalid_then_should_return_401" computerName="JAVI-PC" duration="00:00:00.0086431" startTime="2010-09-19T18:11:53.3136260+02:00" endTime="2010-09-19T18:11:53.3276268+02:00" testType="13cdc9d9-ddb5-4fa4-a97d-d965ccfc6d4b" outcome="Passed" testListId="8c84fa94-04c1-424b-9868-57a2d4851a1d" relativeResultsDirectory="9ee5da1c-9908-4b20-abf4-0102e9c24215">
    </UnitTestResult>
    <UnitTestResult executionId="1d9dc826-0530-49c6-bd1e-26d62acfe141" testId="9566efb0-741c-90b7-c3af-168c9f4ebed6" testName="Given_credentials_are_invalid_then_should_return_401" computerName="JAVI-PC" duration="00:00:00.0031795" startTime="2010-09-19T18:11:53.3296269+02:00" endTime="2010-09-19T18:11:53.3376273+02:00" testType="13cdc9d9-ddb5-4fa4-a97d-d965ccfc6d4b" outcome="Passed" testListId="8c84fa94-04c1-424b-9868-57a2d4851a1d" relativeResultsDirectory="1d9dc826-0530-49c6-bd1e-26d62acfe141">
    </UnitTestResult>
    <UnitTestResult executionId="1bbd3aea-b7ef-4ecd-9982-acbc175a8dd3" testId="a9883bd5-00d9-e7fe-8003-6f56df192769" testName="Given_credentials_are_invalid_then_should_return_401" computerName="JAVI-PC" duration="00:00:00.0044759" startTime="2010-09-19T18:11:53.3396274+02:00" endTime="2010-09-19T18:11:53.3486280+02:00" testType="13cdc9d9-ddb5-4fa4-a97d-d965ccfc6d4b" outcome="Failed" testListId="8c84fa94-04c1-424b-9868-57a2d4851a1d" relativeResultsDirectory="1bbd3aea-b7ef-4ecd-9982-acbc175a8dd3">
      <Output>
        <ErrorInfo>
          <Message>Test method WcfHttpAuth.IntegrationTests.When_calling_a_digest_auth_service.Given_credentials_are_invalid_then_should_return_401 threw exception: 
System.Net.WebException: The remote server returned an error: (401) Unauthorized.</Message>
          <StackTrace>    at System.Net.HttpWebRequest.GetResponse()
   at WcfHttpAuth.Digest.DigestSession..ctor(WebRequest request, String realm, String username, String password) in C:\Code\WcfHttpAuth\WcfHttpAuth\Digest\DigestSession.cs:line 31
   at WcfHttpAuth.Digest.DigestSession..ctor(String url, String realm, String username, String password) in C:\Code\WcfHttpAuth\WcfHttpAuth\Digest\DigestSession.cs:line 19
   at WcfHttpAuth.IntegrationTests.When_calling_a_digest_auth_service.Given_credentials_are_invalid_then_should_return_401() in C:\Code\WcfHttpAuth\WcfHttpAuth.IntegrationTests\When_calling_a_digest_auth_service.cs:line 19
</StackTrace>
        </ErrorInfo>
      </Output>
    </UnitTestResult>
    <UnitTestResult executionId="7d32af43-83fb-47fa-9a4a-aa344d085336" testId="ba1b1b35-e1e2-2b9b-09cc-5b51b77ffa91" testName="Given_timestamp_is_below_the_approved_threshold_then_should_return_401" computerName="JAVI-PC" duration="00:00:00.0043691" startTime="2010-09-19T18:11:53.3486280+02:00" endTime="2010-09-19T18:11:53.3596286+02:00" testType="13cdc9d9-ddb5-4fa4-a97d-d965ccfc6d4b" outcome="Passed" testListId="8c84fa94-04c1-424b-9868-57a2d4851a1d" relativeResultsDirectory="7d32af43-83fb-47fa-9a4a-aa344d085336">
    </UnitTestResult>
    <UnitTestResult executionId="cc7cc76e-6d2c-40c6-8d0d-8370245bae9e" testId="d2c4f2ed-2807-a47b-bc9e-9a4b6401e12e" testName="Given_credentials_are_valid_then_should_return_200" computerName="JAVI-PC" duration="00:00:00.0057053" startTime="2010-09-19T18:11:53.3626288+02:00" endTime="2010-09-19T18:11:53.3736294+02:00" testType="13cdc9d9-ddb5-4fa4-a97d-d965ccfc6d4b" outcome="Passed" testListId="8c84fa94-04c1-424b-9868-57a2d4851a1d" relativeResultsDirectory="cc7cc76e-6d2c-40c6-8d0d-8370245bae9e">
    </UnitTestResult>
  </Results>
</TestRun>