<?xml version="1.0" encoding="UTF-8"?>
<TestRun id="5ab216be-5e12-4ed2-810d-e7200fe71826" name="Javi@JAVI-PC 2010-09-19 18:25:58" runUser="Javi-PC\Javi" xmlns="http://microsoft.com/schemas/VisualStudio/TeamTest/2010">
  <TestSettings name="Local" id="da34d0b4-0511-46eb-bb91-669de211e68e">
    <Description>These are default test settings for a local test run.</Description>
    <Deployment userDeploymentRoot="C:\Code\WcfHttpAuth\TestResults" useDefaultDeploymentRoot="false" enabled="false" runDeploymentRoot="Javi_JAVI-PC 2010-09-19 18_25_58">
      <DeploymentItem filename="C:\Code\WcfHttpAuth\WcfHttpAuth\bin\Debug\WcfHttpAuth.dll" />
    </Deployment>
    <Execution>
      <TestTypeSpecific />
      <AgentRule name="Execution Agents">
      </AgentRule>
    </Execution>
  </TestSettings>
  <Times creation="2010-09-19T18:25:58.2919560+02:00" queuing="2010-09-19T18:26:01.5501423+02:00" start="2010-09-19T18:26:01.7021510+02:00" finish="2010-09-19T18:28:17.4809171+02:00" />
  <ResultSummary outcome="Failed">
    <Counters total="2" executed="2" passed="1" error="0" failed="1" timeout="0" aborted="0" inconclusive="0" passedButRunAborted="0" notRunnable="0" notExecuted="0" disconnected="0" warning="0" completed="0" inProgress="0" pending="0" />
  </ResultSummary>
  <TestDefinitions>
    <UnitTest name="Given_credentials_are_invalid_then_should_return_401" storage="c:\code\wcfhttpauth\wcfhttpauth.integrationtests\bin\debug\wcfhttpauth.integrationtests.dll" id="a9883bd5-00d9-e7fe-8003-6f56df192769">
      <Execution id="81cacf12-8ee7-421b-b46b-7321fdf0c6a3" />
      <TestMethod codeBase="C:/Code/WcfHttpAuth/WcfHttpAuth.IntegrationTests/bin/Debug/WcfHttpAuth.IntegrationTests.DLL" adapterTypeName="Microsoft.VisualStudio.TestTools.TestTypes.Unit.UnitTestAdapter, Microsoft.VisualStudio.QualityTools.Tips.UnitTest.Adapter, Version=10.0.0.0, Culture=neutral, PublicKeyToken=b03f5f7f11d50a3a" className="WcfHttpAuth.IntegrationTests.When_calling_a_digest_auth_service, WcfHttpAuth.IntegrationTests, Version=1.0.0.0, Culture=neutral, PublicKeyToken=null" name="Given_credentials_are_invalid_then_should_return_401" />
    </UnitTest>
    <UnitTest name="Given_credentials_are_valid_then_should_return_200" storage="c:\code\wcfhttpauth\wcfhttpauth.integrationtests\bin\debug\wcfhttpauth.integrationtests.dll" id="5d656e4d-d5f4-b90e-79a7-216a440af9f0">
      <Execution id="18dfee1d-8563-4c9f-a7aa-7603dc4bf879" />
      <TestMethod codeBase="C:/Code/WcfHttpAuth/WcfHttpAuth.IntegrationTests/bin/Debug/WcfHttpAuth.IntegrationTests.DLL" adapterTypeName="Microsoft.VisualStudio.TestTools.TestTypes.Unit.UnitTestAdapter, Microsoft.VisualStudio.QualityTools.Tips.UnitTest.Adapter, Version=10.0.0.0, Culture=neutral, PublicKeyToken=b03f5f7f11d50a3a" className="WcfHttpAuth.IntegrationTests.When_calling_a_digest_auth_service, WcfHttpAuth.IntegrationTests, Version=1.0.0.0, Culture=neutral, PublicKeyToken=null" name="Given_credentials_are_valid_then_should_return_200" />
    </UnitTest>
  </TestDefinitions>
  <TestLists>
    <TestList name="Results Not in a List" id="8c84fa94-04c1-424b-9868-57a2d4851a1d" />
    <TestList name="All Loaded Results" id="19431567-8539-422a-85d7-44ee4e166bda" />
  </TestLists>
  <TestEntries>
    <TestEntry testId="5d656e4d-d5f4-b90e-79a7-216a440af9f0" executionId="18dfee1d-8563-4c9f-a7aa-7603dc4bf879" testListId="8c84fa94-04c1-424b-9868-57a2d4851a1d" />
    <TestEntry testId="a9883bd5-00d9-e7fe-8003-6f56df192769" executionId="81cacf12-8ee7-421b-b46b-7321fdf0c6a3" testListId="8c84fa94-04c1-424b-9868-57a2d4851a1d" />
  </TestEntries>
  <Results>
    <UnitTestResult executionId="18dfee1d-8563-4c9f-a7aa-7603dc4bf879" testId="5d656e4d-d5f4-b90e-79a7-216a440af9f0" testName="Given_credentials_are_valid_then_should_return_200" computerName="JAVI-PC" duration="00:02:04.1527269" startTime="2010-09-19T18:26:01.8271582+02:00" endTime="2010-09-19T18:28:07.5923515+02:00" testType="13cdc9d9-ddb5-4fa4-a97d-d965ccfc6d4b" outcome="Failed" testListId="8c84fa94-04c1-424b-9868-57a2d4851a1d" relativeResultsDirectory="18dfee1d-8563-4c9f-a7aa-7603dc4bf879">
      <Output>
        <ErrorInfo>
          <Message>Test method WcfHttpAuth.IntegrationTests.When_calling_a_digest_auth_service.Given_credentials_are_valid_then_should_return_200 threw exception: 
System.Net.WebException: The remote server returned an error: (401) Unauthorized.</Message>
          <StackTrace>    at System.Net.HttpWebRequest.GetResponse()
   at WcfHttpAuth.Digest.DigestSession.ExecuteRequest(WebRequest request) in C:\Code\WcfHttpAuth\WcfHttpAuth\Digest\DigestSession.cs:line 74
   at WcfHttpAuth.Digest.DigestSession.ExecuteRequest() in C:\Code\WcfHttpAuth\WcfHttpAuth\Digest\DigestSession.cs:line 55
   at WcfHttpAuth.IntegrationTests.When_calling_a_digest_auth_service.Given_credentials_are_valid_then_should_return_200() in C:\Code\WcfHttpAuth\WcfHttpAuth.IntegrationTests\When_calling_a_digest_auth_service.cs:line 35
</StackTrace>
        </ErrorInfo>
      </Output>
    </UnitTestResult>
    <UnitTestResult executionId="81cacf12-8ee7-421b-b46b-7321fdf0c6a3" testId="a9883bd5-00d9-e7fe-8003-6f56df192769" testName="Given_credentials_are_invalid_then_should_return_401" computerName="JAVI-PC" duration="00:00:09.7297751" startTime="2010-09-19T18:28:07.6343539+02:00" endTime="2010-09-19T18:28:17.3769112+02:00" testType="13cdc9d9-ddb5-4fa4-a97d-d965ccfc6d4b" outcome="Passed" testListId="8c84fa94-04c1-424b-9868-57a2d4851a1d" relativeResultsDirectory="81cacf12-8ee7-421b-b46b-7321fdf0c6a3">
    </UnitTestResult>
  </Results>
</TestRun>