<?xml version="1.0" encoding="UTF-8"?>
<TestRun id="0a80976f-b33b-4c09-a586-049f5663da1e" name="Javi@JAVI-PC 2010-09-19 18:14:02" runUser="Javi-PC\Javi" xmlns="http://microsoft.com/schemas/VisualStudio/TeamTest/2010">
  <TestSettings name="Local" id="da34d0b4-0511-46eb-bb91-669de211e68e">
    <Description>These are default test settings for a local test run.</Description>
    <Deployment userDeploymentRoot="C:\Code\WcfHttpAuth\TestResults" useDefaultDeploymentRoot="false" enabled="false" runDeploymentRoot="Javi_JAVI-PC 2010-09-19 18_14_02">
      <DeploymentItem filename="C:\Code\WcfHttpAuth\WcfHttpAuth\bin\Debug\WcfHttpAuth.dll" />
    </Deployment>
    <Execution>
      <TestTypeSpecific />
      <AgentRule name="Execution Agents">
      </AgentRule>
    </Execution>
  </TestSettings>
  <Times creation="2010-09-19T18:14:02.5590184+02:00" queuing="2010-09-19T18:14:05.5741908+02:00" start="2010-09-19T18:14:05.7382002+02:00" finish="2010-09-19T18:14:20.1490245+02:00" />
  <ResultSummary outcome="Error">
    <Counters total="2" executed="1" error="0" failed="0" timeout="0" aborted="1" inconclusive="0" passedButRunAborted="0" notRunnable="0" notExecuted="1" disconnected="0" warning="0" passed="0" completed="0" inProgress="0" pending="0" />
    <RunInfos>
      <RunInfo computerName="JAVI-PC" outcome="Error" timestamp="2010-09-19T18:14:20.1470244+02:00">
        <Text>Test host process exited unexpectedly.</Text>
      </RunInfo>
    </RunInfos>
  </ResultSummary>
  <TestDefinitions>
    <UnitTest name="Given_credentials_are_invalid_then_should_return_401" storage="c:\code\wcfhttpauth\wcfhttpauth.integrationtests\bin\debug\wcfhttpauth.integrationtests.dll" id="a9883bd5-00d9-e7fe-8003-6f56df192769">
      <Execution id="146d11e1-2357-4655-8d20-cf3568415ca0" />
      <TestMethod codeBase="C:/Code/WcfHttpAuth/WcfHttpAuth.IntegrationTests/bin/Debug/WcfHttpAuth.IntegrationTests.DLL" adapterTypeName="Microsoft.VisualStudio.TestTools.TestTypes.Unit.UnitTestAdapter, Microsoft.VisualStudio.QualityTools.Tips.UnitTest.Adapter, Version=10.0.0.0, Culture=neutral, PublicKeyToken=b03f5f7f11d50a3a" className="WcfHttpAuth.IntegrationTests.When_calling_a_digest_auth_service, WcfHttpAuth.IntegrationTests, Version=1.0.0.0, Culture=neutral, PublicKeyToken=null" name="Given_credentials_are_invalid_then_should_return_401" />
    </UnitTest>
    <UnitTest name="Given_credentials_are_valid_then_should_return_200" storage="c:\code\wcfhttpauth\wcfhttpauth.integrationtests\bin\debug\wcfhttpauth.integrationtests.dll" id="5d656e4d-d5f4-b90e-79a7-216a440af9f0">
      <Execution id="0e88c178-2805-4bb3-8ddd-9d5b166334e7" />
      <TestMethod codeBase="C:/Code/WcfHttpAuth/WcfHttpAuth.IntegrationTests/bin/Debug/WcfHttpAuth.IntegrationTests.DLL" adapterTypeName="Microsoft.VisualStudio.TestTools.TestTypes.Unit.UnitTestAdapter, Microsoft.VisualStudio.QualityTools.Tips.UnitTest.Adapter, Version=10.0.0.0, Culture=neutral, PublicKeyToken=b03f5f7f11d50a3a" className="WcfHttpAuth.IntegrationTests.When_calling_a_digest_auth_service, WcfHttpAuth.IntegrationTests, Version=1.0.0.0, Culture=neutral, PublicKeyToken=null" name="Given_credentials_are_valid_then_should_return_200" />
    </UnitTest>
  </TestDefinitions>
  <TestLists>
    <TestList name="Results Not in a List" id="8c84fa94-04c1-424b-9868-57a2d4851a1d" />
    <TestList name="All Loaded Results" id="19431567-8539-422a-85d7-44ee4e166bda" />
  </TestLists>
  <TestEntries>
    <TestEntry testId="5d656e4d-d5f4-b90e-79a7-216a440af9f0" executionId="0e88c178-2805-4bb3-8ddd-9d5b166334e7" testListId="8c84fa94-04c1-424b-9868-57a2d4851a1d" />
    <TestEntry testId="a9883bd5-00d9-e7fe-8003-6f56df192769" executionId="146d11e1-2357-4655-8d20-cf3568415ca0" testListId="8c84fa94-04c1-424b-9868-57a2d4851a1d" />
  </TestEntries>
  <Results>
    <UnitTestResult executionId="0e88c178-2805-4bb3-8ddd-9d5b166334e7" testId="5d656e4d-d5f4-b90e-79a7-216a440af9f0" testName="Given_credentials_are_valid_then_should_return_200" computerName="JAVI-PC" duration="00:00:14.2648159" startTime="2010-09-19T18:14:05.8842086+02:00" endTime="2010-09-19T18:14:20.1490245+02:00" testType="13cdc9d9-ddb5-4fa4-a97d-d965ccfc6d4b" outcome="Aborted" testListId="8c84fa94-04c1-424b-9868-57a2d4851a1d" relativeResultsDirectory="0e88c178-2805-4bb3-8ddd-9d5b166334e7">
    </UnitTestResult>
    <UnitTestResult executionId="146d11e1-2357-4655-8d20-cf3568415ca0" testId="a9883bd5-00d9-e7fe-8003-6f56df192769" testName="Given_credentials_are_invalid_then_should_return_401" computerName="JAVI-PC" testType="13cdc9d9-ddb5-4fa4-a97d-d965ccfc6d4b" outcome="NotExecuted" testListId="8c84fa94-04c1-424b-9868-57a2d4851a1d" relativeResultsDirectory="146d11e1-2357-4655-8d20-cf3568415ca0">
    </UnitTestResult>
  </Results>
</TestRun>