<?xml version="1.0" encoding="UTF-8"?>
<TestRun id="e2649d8f-faeb-419f-8e83-f914ee6dd210" name="Javi@JAVI-PC 2010-09-19 16:51:19" runUser="Javi-PC\Javi" xmlns="http://microsoft.com/schemas/VisualStudio/TeamTest/2010">
  <TestSettings name="Local" id="da34d0b4-0511-46eb-bb91-669de211e68e">
    <Description>These are default test settings for a local test run.</Description>
    <Deployment userDeploymentRoot="C:\Code\WcfHttpAuth\TestResults" useDefaultDeploymentRoot="false" enabled="false" runDeploymentRoot="Javi_JAVI-PC 2010-09-19 16_51_19">
      <DeploymentItem filename="C:\Code\WcfHttpAuth\WcfHttpAuth\bin\Debug\WcfHttpAuth.dll" />
    </Deployment>
    <Execution>
      <TestTypeSpecific />
      <AgentRule name="Execution Agents">
      </AgentRule>
    </Execution>
  </TestSettings>
  <Times creation="2010-09-19T16:51:19.9981761+02:00" queuing="2010-09-19T16:51:22.2533051+02:00" start="2010-09-19T16:51:22.4323154+02:00" finish="2010-09-19T16:51:25.7855071+02:00" />
  <ResultSummary outcome="Completed">
    <Counters total="2" executed="2" passed="2" error="0" failed="0" timeout="0" aborted="0" inconclusive="0" passedButRunAborted="0" notRunnable="0" notExecuted="0" disconnected="0" warning="0" completed="0" inProgress="0" pending="0" />
  </ResultSummary>
  <TestDefinitions>
    <UnitTest name="Given_timestamp_is_above_the_approved_threshold_then_should_return_401" storage="c:\code\wcfhttpauth\wcfhttpauth.integrationtests\bin\debug\wcfhttpauth.integrationtests.dll" id="5d878050-317c-80e9-9104-b446890bd937">
      <Execution id="ce707088-bb7c-4487-8cf1-91e3d6ec6aae" />
      <TestMethod codeBase="C:/Code/WcfHttpAuth/WcfHttpAuth.IntegrationTests/bin/Debug/WcfHttpAuth.IntegrationTests.DLL" adapterTypeName="Microsoft.VisualStudio.TestTools.TestTypes.Unit.UnitTestAdapter, Microsoft.VisualStudio.QualityTools.Tips.UnitTest.Adapter, Version=10.0.0.0, Culture=neutral, PublicKeyToken=b03f5f7f11d50a3a" className="WcfHttpAuth.IntegrationTests.When_calling_a_wsse_auth_service, WcfHttpAuth.IntegrationTests, Version=1.0.0.0, Culture=neutral, PublicKeyToken=null" name="Given_timestamp_is_above_the_approved_threshold_then_should_return_401" />
    </UnitTest>
    <UnitTest name="Given_timestamp_is_below_the_approved_threshold_then_should_return_401" storage="c:\code\wcfhttpauth\wcfhttpauth.integrationtests\bin\debug\wcfhttpauth.integrationtests.dll" id="ba1b1b35-e1e2-2b9b-09cc-5b51b77ffa91">
      <Execution id="c1387691-f105-4cd1-8d87-8958a28803cb" />
      <TestMethod codeBase="C:/Code/WcfHttpAuth/WcfHttpAuth.IntegrationTests/bin/Debug/WcfHttpAuth.IntegrationTests.DLL" adapterTypeName="Microsoft.VisualStudio.TestTools.TestTypes.Unit.UnitTestAdapter, Microsoft.VisualStudio.QualityTools.Tips.UnitTest.Adapter, Version=10.0.0.0, Culture=neutral, PublicKeyToken=b03f5f7f11d50a3a" className="WcfHttpAuth.IntegrationTests.When_calling_a_wsse_auth_service, WcfHttpAuth.IntegrationTests, Version=1.0.0.0, Culture=neutral, PublicKeyToken=null" name="Given_timestamp_is_below_the_approved_threshold_then_should_return_401" />
    </UnitTest>
  </TestDefinitions>
  <TestLists>
    <TestList name="Results Not in a List" id="8c84fa94-04c1-424b-9868-57a2d4851a1d" />
    <TestList name="All Loaded Results" id="19431567-8539-422a-85d7-44ee4e166bda" />
  </TestLists>
  <TestEntries>
    <TestEntry testId="ba1b1b35-e1e2-2b9b-09cc-5b51b77ffa91" executionId="c1387691-f105-4cd1-8d87-8958a28803cb" testListId="8c84fa94-04c1-424b-9868-57a2d4851a1d" />
    <TestEntry testId="5d878050-317c-80e9-9104-b446890bd937" executionId="ce707088-bb7c-4487-8cf1-91e3d6ec6aae" testListId="8c84fa94-04c1-424b-9868-57a2d4851a1d" />
  </TestEntries>
  <Results>
    <UnitTestResult executionId="c1387691-f105-4cd1-8d87-8958a28803cb" testId="ba1b1b35-e1e2-2b9b-09cc-5b51b77ffa91" testName="Given_timestamp_is_below_the_approved_threshold_then_should_return_401" computerName="JAVI-PC" duration="00:00:01.3923073" startTime="2010-09-19T16:51:22.5673231+02:00" endTime="2010-09-19T16:51:25.6524995+02:00" testType="13cdc9d9-ddb5-4fa4-a97d-d965ccfc6d4b" outcome="Passed" testListId="8c84fa94-04c1-424b-9868-57a2d4851a1d" relativeResultsDirectory="c1387691-f105-4cd1-8d87-8958a28803cb">
    </UnitTestResult>
    <UnitTestResult executionId="ce707088-bb7c-4487-8cf1-91e3d6ec6aae" testId="5d878050-317c-80e9-9104-b446890bd937" testName="Given_timestamp_is_above_the_approved_threshold_then_should_return_401" computerName="JAVI-PC" duration="00:00:00.0159686" startTime="2010-09-19T16:51:25.6655003+02:00" endTime="2010-09-19T16:51:25.6915018+02:00" testType="13cdc9d9-ddb5-4fa4-a97d-d965ccfc6d4b" outcome="Passed" testListId="8c84fa94-04c1-424b-9868-57a2d4851a1d" relativeResultsDirectory="ce707088-bb7c-4487-8cf1-91e3d6ec6aae">
    </UnitTestResult>
  </Results>
</TestRun>