<?xml version="1.0" encoding="UTF-8"?>
<TestRun id="9355629a-fc6f-433b-8576-15891de4341b" name="Javi@JAVI-PC 2010-09-19 13:28:55" runUser="Javi-PC\Javi" xmlns="http://microsoft.com/schemas/VisualStudio/TeamTest/2010">
  <TestSettings name="Local" id="da34d0b4-0511-46eb-bb91-669de211e68e">
    <Description>These are default test settings for a local test run.</Description>
    <Deployment enabled="false" runDeploymentRoot="Javi_JAVI-PC 2010-09-19 13_28_55">
      <DeploymentItem filename="C:\Code\WcfHttpAuth\WcfHttpAuth\bin\Debug\WcfHttpAuth.dll" />
    </Deployment>
    <Execution>
      <TestTypeSpecific />
      <AgentRule name="Execution Agents">
      </AgentRule>
    </Execution>
  </TestSettings>
  <Times creation="2010-09-19T13:28:55.2815381+02:00" queuing="2010-09-19T13:28:55.3015392+02:00" start="2010-09-19T13:28:55.3195402+02:00" finish="2010-09-19T13:29:03.9730352+02:00" />
  <ResultSummary outcome="Completed">
    <Counters total="4" executed="4" passed="4" error="0" failed="0" timeout="0" aborted="0" inconclusive="0" passedButRunAborted="0" notRunnable="0" notExecuted="0" disconnected="0" warning="0" completed="0" inProgress="0" pending="0" />
  </ResultSummary>
  <TestDefinitions>
    <UnitTest name="Given_credentials_are_valid_then_should_return_200" storage="c:\code\wcfhttpauth\wcfhttpauth.integrationtests\bin\debug\wcfhttpauth.integrationtests.dll" id="d2c4f2ed-2807-a47b-bc9e-9a4b6401e12e">
      <Execution id="df69a1b9-c48b-4753-b517-32fb11aedb9f" />
      <TestMethod codeBase="C:/Code/WcfHttpAuth/WcfHttpAuth.IntegrationTests/bin/Debug/WcfHttpAuth.IntegrationTests.DLL" adapterTypeName="Microsoft.VisualStudio.TestTools.TestTypes.Unit.UnitTestAdapter, Microsoft.VisualStudio.QualityTools.Tips.UnitTest.Adapter, Version=10.0.0.0, Culture=neutral, PublicKeyToken=b03f5f7f11d50a3a" className="WcfHttpAuth.IntegrationTests.When_calling_a_basic_auth_service, WcfHttpAuth.IntegrationTests, Version=1.0.0.0, Culture=neutral, PublicKeyToken=null" name="Given_credentials_are_valid_then_should_return_200" />
    </UnitTest>
    <UnitTest name="Given_credentials_are_valid_then_should_return_200" storage="c:\code\wcfhttpauth\wcfhttpauth.integrationtests\bin\debug\wcfhttpauth.integrationtests.dll" id="3d5a2998-aebd-79e2-bb3a-f979cf6d64b5">
      <Execution id="01c8b080-a99c-4cd5-bd45-85a9a9cf855b" />
      <TestMethod codeBase="C:/Code/WcfHttpAuth/WcfHttpAuth.IntegrationTests/bin/Debug/WcfHttpAuth.IntegrationTests.DLL" adapterTypeName="Microsoft.VisualStudio.TestTools.TestTypes.Unit.UnitTestAdapter, Microsoft.VisualStudio.QualityTools.Tips.UnitTest.Adapter, Version=10.0.0.0, Culture=neutral, PublicKeyToken=b03f5f7f11d50a3a" className="WcfHttpAuth.IntegrationTests.When_calling_a_wsse_auth_service, WcfHttpAuth.IntegrationTests, Version=1.0.0.0, Culture=neutral, PublicKeyToken=null" name="Given_credentials_are_valid_then_should_return_200" />
    </UnitTest>
    <UnitTest name="Given_credentials_are_invalid_then_should_return_401" storage="c:\code\wcfhttpauth\wcfhttpauth.integrationtests\bin\debug\wcfhttpauth.integrationtests.dll" id="66708f93-7293-f476-715a-1f4ac9ebac9e">
      <Execution id="dffe7394-a9c3-4c9a-837e-6207eaa9cc83" />
      <TestMethod codeBase="C:/Code/WcfHttpAuth/WcfHttpAuth.IntegrationTests/bin/Debug/WcfHttpAuth.IntegrationTests.DLL" adapterTypeName="Microsoft.VisualStudio.TestTools.TestTypes.Unit.UnitTestAdapter, Microsoft.VisualStudio.QualityTools.Tips.UnitTest.Adapter, Version=10.0.0.0, Culture=neutral, PublicKeyToken=b03f5f7f11d50a3a" className="WcfHttpAuth.IntegrationTests.When_calling_a_basic_auth_service, WcfHttpAuth.IntegrationTests, Version=1.0.0.0, Culture=neutral, PublicKeyToken=null" name="Given_credentials_are_invalid_then_should_return_401" />
    </UnitTest>
    <UnitTest name="Given_credentials_are_invalid_then_should_return_401" storage="c:\code\wcfhttpauth\wcfhttpauth.integrationtests\bin\debug\wcfhttpauth.integrationtests.dll" id="9566efb0-741c-90b7-c3af-168c9f4ebed6">
      <Execution id="1dfd17f6-fbee-4811-a478-dce4457a8896" />
      <TestMethod codeBase="C:/Code/WcfHttpAuth/WcfHttpAuth.IntegrationTests/bin/Debug/WcfHttpAuth.IntegrationTests.DLL" adapterTypeName="Microsoft.VisualStudio.TestTools.TestTypes.Unit.UnitTestAdapter, Microsoft.VisualStudio.QualityTools.Tips.UnitTest.Adapter, Version=10.0.0.0, Culture=neutral, PublicKeyToken=b03f5f7f11d50a3a" className="WcfHttpAuth.IntegrationTests.When_calling_a_wsse_auth_service, WcfHttpAuth.IntegrationTests, Version=1.0.0.0, Culture=neutral, PublicKeyToken=null" name="Given_credentials_are_invalid_then_should_return_401" />
    </UnitTest>
  </TestDefinitions>
  <TestLists>
    <TestList name="Results Not in a List" id="8c84fa94-04c1-424b-9868-57a2d4851a1d" />
    <TestList name="All Loaded Results" id="19431567-8539-422a-85d7-44ee4e166bda" />
  </TestLists>
  <TestEntries>
    <TestEntry testId="3d5a2998-aebd-79e2-bb3a-f979cf6d64b5" executionId="01c8b080-a99c-4cd5-bd45-85a9a9cf855b" testListId="8c84fa94-04c1-424b-9868-57a2d4851a1d" />
    <TestEntry testId="66708f93-7293-f476-715a-1f4ac9ebac9e" executionId="dffe7394-a9c3-4c9a-837e-6207eaa9cc83" testListId="8c84fa94-04c1-424b-9868-57a2d4851a1d" />
    <TestEntry testId="9566efb0-741c-90b7-c3af-168c9f4ebed6" executionId="1dfd17f6-fbee-4811-a478-dce4457a8896" testListId="8c84fa94-04c1-424b-9868-57a2d4851a1d" />
    <TestEntry testId="d2c4f2ed-2807-a47b-bc9e-9a4b6401e12e" executionId="df69a1b9-c48b-4753-b517-32fb11aedb9f" testListId="8c84fa94-04c1-424b-9868-57a2d4851a1d" />
  </TestEntries>
  <Results>
    <UnitTestResult executionId="01c8b080-a99c-4cd5-bd45-85a9a9cf855b" testId="3d5a2998-aebd-79e2-bb3a-f979cf6d64b5" testName="Given_credentials_are_valid_then_should_return_200" computerName="JAVI-PC" duration="00:00:06.8405004" startTime="2010-09-19T13:28:55.3225404+02:00" endTime="2010-09-19T13:29:02.4179463+02:00" testType="13cdc9d9-ddb5-4fa4-a97d-d965ccfc6d4b" outcome="Passed" testListId="8c84fa94-04c1-424b-9868-57a2d4851a1d" relativeResultsDirectory="01c8b080-a99c-4cd5-bd45-85a9a9cf855b">
    </UnitTestResult>
    <UnitTestResult executionId="dffe7394-a9c3-4c9a-837e-6207eaa9cc83" testId="66708f93-7293-f476-715a-1f4ac9ebac9e" testName="Given_credentials_are_invalid_then_should_return_401" computerName="JAVI-PC" duration="00:00:00.0226252" startTime="2010-09-19T13:29:02.4189463+02:00" endTime="2010-09-19T13:29:02.4459479+02:00" testType="13cdc9d9-ddb5-4fa4-a97d-d965ccfc6d4b" outcome="Passed" testListId="8c84fa94-04c1-424b-9868-57a2d4851a1d" relativeResultsDirectory="dffe7394-a9c3-4c9a-837e-6207eaa9cc83">
    </UnitTestResult>
    <UnitTestResult executionId="1dfd17f6-fbee-4811-a478-dce4457a8896" testId="9566efb0-741c-90b7-c3af-168c9f4ebed6" testName="Given_credentials_are_invalid_then_should_return_401" computerName="JAVI-PC" duration="00:00:01.4577802" startTime="2010-09-19T13:29:02.4499481+02:00" endTime="2010-09-19T13:29:03.9150319+02:00" testType="13cdc9d9-ddb5-4fa4-a97d-d965ccfc6d4b" outcome="Passed" testListId="8c84fa94-04c1-424b-9868-57a2d4851a1d" relativeResultsDirectory="1dfd17f6-fbee-4811-a478-dce4457a8896">
    </UnitTestResult>
    <UnitTestResult executionId="df69a1b9-c48b-4753-b517-32fb11aedb9f" testId="d2c4f2ed-2807-a47b-bc9e-9a4b6401e12e" testName="Given_credentials_are_valid_then_should_return_200" computerName="JAVI-PC" duration="00:00:00.0086580" startTime="2010-09-19T13:29:03.9300327+02:00" endTime="2010-09-19T13:29:03.9450336+02:00" testType="13cdc9d9-ddb5-4fa4-a97d-d965ccfc6d4b" outcome="Passed" testListId="8c84fa94-04c1-424b-9868-57a2d4851a1d" relativeResultsDirectory="df69a1b9-c48b-4753-b517-32fb11aedb9f">
    </UnitTestResult>
  </Results>
</TestRun>