<?xml version="1.0" encoding="UTF-8"?>
<TestRun id="2935910e-528e-4d9a-a660-ffcea9b793f9" name="Javi@JAVI-PC 2010-09-19 13:54:31" runUser="Javi-PC\Javi" xmlns="http://microsoft.com/schemas/VisualStudio/TeamTest/2010">
  <TestSettings name="Local" id="da34d0b4-0511-46eb-bb91-669de211e68e">
    <Description>These are default test settings for a local test run.</Description>
    <Deployment enabled="false" runDeploymentRoot="Javi_JAVI-PC 2010-09-19 13_54_31">
      <DeploymentItem filename="C:\Code\WcfHttpAuth\WcfHttpAuth\bin\Debug\WcfHttpAuth.dll" />
    </Deployment>
    <Execution>
      <TestTypeSpecific />
      <AgentRule name="Execution Agents">
      </AgentRule>
    </Execution>
  </TestSettings>
  <Times creation="2010-09-19T13:54:31.5284064+02:00" queuing="2010-09-19T13:54:31.5494076+02:00" start="2010-09-19T13:54:31.5654085+02:00" finish="2010-09-19T13:54:39.0338357+02:00" />
  <ResultSummary outcome="Completed">
    <Counters total="4" executed="4" passed="4" error="0" failed="0" timeout="0" aborted="0" inconclusive="0" passedButRunAborted="0" notRunnable="0" notExecuted="0" disconnected="0" warning="0" completed="0" inProgress="0" pending="0" />
  </ResultSummary>
  <TestDefinitions>
    <UnitTest name="Given_credentials_are_valid_then_should_return_200" storage="c:\code\wcfhttpauth\wcfhttpauth.integrationtests\bin\debug\wcfhttpauth.integrationtests.dll" id="d2c4f2ed-2807-a47b-bc9e-9a4b6401e12e">
      <Execution id="08a78d5d-1201-4619-ad66-fd44b374f5d6" />
      <TestMethod codeBase="C:/Code/WcfHttpAuth/WcfHttpAuth.IntegrationTests/bin/Debug/WcfHttpAuth.IntegrationTests.DLL" adapterTypeName="Microsoft.VisualStudio.TestTools.TestTypes.Unit.UnitTestAdapter, Microsoft.VisualStudio.QualityTools.Tips.UnitTest.Adapter, Version=10.0.0.0, Culture=neutral, PublicKeyToken=b03f5f7f11d50a3a" className="WcfHttpAuth.IntegrationTests.When_calling_a_basic_auth_service, WcfHttpAuth.IntegrationTests, Version=1.0.0.0, Culture=neutral, PublicKeyToken=null" name="Given_credentials_are_valid_then_should_return_200" />
    </UnitTest>
    <UnitTest name="Given_credentials_are_valid_then_should_return_200" storage="c:\code\wcfhttpauth\wcfhttpauth.integrationtests\bin\debug\wcfhttpauth.integrationtests.dll" id="3d5a2998-aebd-79e2-bb3a-f979cf6d64b5">
      <Execution id="28503de1-baae-4ca4-a545-ea6848f00bf9" />
      <TestMethod codeBase="C:/Code/WcfHttpAuth/WcfHttpAuth.IntegrationTests/bin/Debug/WcfHttpAuth.IntegrationTests.DLL" adapterTypeName="Microsoft.VisualStudio.TestTools.TestTypes.Unit.UnitTestAdapter, Microsoft.VisualStudio.QualityTools.Tips.UnitTest.Adapter, Version=10.0.0.0, Culture=neutral, PublicKeyToken=b03f5f7f11d50a3a" className="WcfHttpAuth.IntegrationTests.When_calling_a_wsse_auth_service, WcfHttpAuth.IntegrationTests, Version=1.0.0.0, Culture=neutral, PublicKeyToken=null" name="Given_credentials_are_valid_then_should_return_200" />
    </UnitTest>
    <UnitTest name="Given_credentials_are_invalid_then_should_return_401" storage="c:\code\wcfhttpauth\wcfhttpauth.integrationtests\bin\debug\wcfhttpauth.integrationtests.dll" id="66708f93-7293-f476-715a-1f4ac9ebac9e">
      <Execution id="64f3927c-262a-4282-911c-13d5129f6ffb" />
      <TestMethod codeBase="C:/Code/WcfHttpAuth/WcfHttpAuth.IntegrationTests/bin/Debug/WcfHttpAuth.IntegrationTests.DLL" adapterTypeName="Microsoft.VisualStudio.TestTools.TestTypes.Unit.UnitTestAdapter, Microsoft.VisualStudio.QualityTools.Tips.UnitTest.Adapter, Version=10.0.0.0, Culture=neutral, PublicKeyToken=b03f5f7f11d50a3a" className="WcfHttpAuth.IntegrationTests.When_calling_a_basic_auth_service, WcfHttpAuth.IntegrationTests, Version=1.0.0.0, Culture=neutral, PublicKeyToken=null" name="Given_credentials_are_invalid_then_should_return_401" />
    </UnitTest>
    <UnitTest name="Given_credentials_are_invalid_then_should_return_401" storage="c:\code\wcfhttpauth\wcfhttpauth.integrationtests\bin\debug\wcfhttpauth.integrationtests.dll" id="9566efb0-741c-90b7-c3af-168c9f4ebed6">
      <Execution id="5d8f257e-da22-4570-baee-3936116c8b94" />
      <TestMethod codeBase="C:/Code/WcfHttpAuth/WcfHttpAuth.IntegrationTests/bin/Debug/WcfHttpAuth.IntegrationTests.DLL" adapterTypeName="Microsoft.VisualStudio.TestTools.TestTypes.Unit.UnitTestAdapter, Microsoft.VisualStudio.QualityTools.Tips.UnitTest.Adapter, Version=10.0.0.0, Culture=neutral, PublicKeyToken=b03f5f7f11d50a3a" className="WcfHttpAuth.IntegrationTests.When_calling_a_wsse_auth_service, WcfHttpAuth.IntegrationTests, Version=1.0.0.0, Culture=neutral, PublicKeyToken=null" name="Given_credentials_are_invalid_then_should_return_401" />
    </UnitTest>
  </TestDefinitions>
  <TestLists>
    <TestList name="Results Not in a List" id="8c84fa94-04c1-424b-9868-57a2d4851a1d" />
    <TestList name="All Loaded Results" id="19431567-8539-422a-85d7-44ee4e166bda" />
  </TestLists>
  <TestEntries>
    <TestEntry testId="3d5a2998-aebd-79e2-bb3a-f979cf6d64b5" executionId="28503de1-baae-4ca4-a545-ea6848f00bf9" testListId="8c84fa94-04c1-424b-9868-57a2d4851a1d" />
    <TestEntry testId="66708f93-7293-f476-715a-1f4ac9ebac9e" executionId="64f3927c-262a-4282-911c-13d5129f6ffb" testListId="8c84fa94-04c1-424b-9868-57a2d4851a1d" />
    <TestEntry testId="9566efb0-741c-90b7-c3af-168c9f4ebed6" executionId="5d8f257e-da22-4570-baee-3936116c8b94" testListId="8c84fa94-04c1-424b-9868-57a2d4851a1d" />
    <TestEntry testId="d2c4f2ed-2807-a47b-bc9e-9a4b6401e12e" executionId="08a78d5d-1201-4619-ad66-fd44b374f5d6" testListId="8c84fa94-04c1-424b-9868-57a2d4851a1d" />
  </TestEntries>
  <Results>
    <UnitTestResult executionId="28503de1-baae-4ca4-a545-ea6848f00bf9" testId="3d5a2998-aebd-79e2-bb3a-f979cf6d64b5" testName="Given_credentials_are_valid_then_should_return_200" computerName="JAVI-PC" duration="00:00:05.9191276" startTime="2010-09-19T13:54:31.5694087+02:00" endTime="2010-09-19T13:54:37.7657631+02:00" testType="13cdc9d9-ddb5-4fa4-a97d-d965ccfc6d4b" outcome="Passed" testListId="8c84fa94-04c1-424b-9868-57a2d4851a1d" relativeResultsDirectory="28503de1-baae-4ca4-a545-ea6848f00bf9">
    </UnitTestResult>
    <UnitTestResult executionId="64f3927c-262a-4282-911c-13d5129f6ffb" testId="66708f93-7293-f476-715a-1f4ac9ebac9e" testName="Given_credentials_are_invalid_then_should_return_401" computerName="JAVI-PC" duration="00:00:00.0226624" startTime="2010-09-19T13:54:37.7667632+02:00" endTime="2010-09-19T13:54:37.7947648+02:00" testType="13cdc9d9-ddb5-4fa4-a97d-d965ccfc6d4b" outcome="Passed" testListId="8c84fa94-04c1-424b-9868-57a2d4851a1d" relativeResultsDirectory="64f3927c-262a-4282-911c-13d5129f6ffb">
    </UnitTestResult>
    <UnitTestResult executionId="5d8f257e-da22-4570-baee-3936116c8b94" testId="9566efb0-741c-90b7-c3af-168c9f4ebed6" testName="Given_credentials_are_invalid_then_should_return_401" computerName="JAVI-PC" duration="00:00:01.1597155" startTime="2010-09-19T13:54:37.7957648+02:00" endTime="2010-09-19T13:54:38.9738322+02:00" testType="13cdc9d9-ddb5-4fa4-a97d-d965ccfc6d4b" outcome="Passed" testListId="8c84fa94-04c1-424b-9868-57a2d4851a1d" relativeResultsDirectory="5d8f257e-da22-4570-baee-3936116c8b94">
    </UnitTestResult>
    <UnitTestResult executionId="08a78d5d-1201-4619-ad66-fd44b374f5d6" testId="d2c4f2ed-2807-a47b-bc9e-9a4b6401e12e" testName="Given_credentials_are_valid_then_should_return_200" computerName="JAVI-PC" duration="00:00:00.0108976" startTime="2010-09-19T13:54:38.9818327+02:00" endTime="2010-09-19T13:54:38.9988337+02:00" testType="13cdc9d9-ddb5-4fa4-a97d-d965ccfc6d4b" outcome="Passed" testListId="8c84fa94-04c1-424b-9868-57a2d4851a1d" relativeResultsDirectory="08a78d5d-1201-4619-ad66-fd44b374f5d6">
    </UnitTestResult>
  </Results>
</TestRun>