<?xml version="1.0" encoding="UTF-8"?>
<TestRun id="a10a01b5-8ac7-47f2-9a4d-b0fe86096b80" name="Javi@JAVI-PC 2010-09-19 16:50:36" runUser="Javi-PC\Javi" xmlns="http://microsoft.com/schemas/VisualStudio/TeamTest/2010">
  <TestSettings name="Local" id="da34d0b4-0511-46eb-bb91-669de211e68e">
    <Description>These are default test settings for a local test run.</Description>
    <Deployment enabled="false" runDeploymentRoot="Javi_JAVI-PC 2010-09-19 16_50_36">
      <DeploymentItem filename="C:\Code\WcfHttpAuth\WcfHttpAuth\bin\Debug\WcfHttpAuth.dll" />
    </Deployment>
    <Execution>
      <TestTypeSpecific />
      <AgentRule name="Execution Agents">
      </AgentRule>
    </Execution>
  </TestSettings>
  <Times creation="2010-09-19T16:50:36.2896761+02:00" queuing="2010-09-19T16:50:36.3296784+02:00" start="2010-09-19T16:50:36.3586801+02:00" finish="2010-09-19T16:50:38.3667950+02:00" />
  <ResultSummary outcome="Completed">
    <Counters total="6" executed="6" passed="6" error="0" failed="0" timeout="0" aborted="0" inconclusive="0" passedButRunAborted="0" notRunnable="0" notExecuted="0" disconnected="0" warning="0" completed="0" inProgress="0" pending="0" />
  </ResultSummary>
  <TestDefinitions>
    <UnitTest name="Given_credentials_are_invalid_then_should_return_401" storage="c:\code\wcfhttpauth\wcfhttpauth.integrationtests\bin\debug\wcfhttpauth.integrationtests.dll" id="9566efb0-741c-90b7-c3af-168c9f4ebed6">
      <Execution id="60f64c14-c26e-4866-95d7-b69116f11258" />
      <TestMethod codeBase="C:/Code/WcfHttpAuth/WcfHttpAuth.IntegrationTests/bin/Debug/WcfHttpAuth.IntegrationTests.DLL" adapterTypeName="Microsoft.VisualStudio.TestTools.TestTypes.Unit.UnitTestAdapter, Microsoft.VisualStudio.QualityTools.Tips.UnitTest.Adapter, Version=10.0.0.0, Culture=neutral, PublicKeyToken=b03f5f7f11d50a3a" className="WcfHttpAuth.IntegrationTests.When_calling_a_wsse_auth_service, WcfHttpAuth.IntegrationTests, Version=1.0.0.0, Culture=neutral, PublicKeyToken=null" name="Given_credentials_are_invalid_then_should_return_401" />
    </UnitTest>
    <UnitTest name="Given_credentials_are_valid_then_should_return_200" storage="c:\code\wcfhttpauth\wcfhttpauth.integrationtests\bin\debug\wcfhttpauth.integrationtests.dll" id="3d5a2998-aebd-79e2-bb3a-f979cf6d64b5">
      <Execution id="bbbb9c3c-8cd6-4c6e-a962-871b2483ec67" />
      <TestMethod codeBase="C:/Code/WcfHttpAuth/WcfHttpAuth.IntegrationTests/bin/Debug/WcfHttpAuth.IntegrationTests.DLL" adapterTypeName="Microsoft.VisualStudio.TestTools.TestTypes.Unit.UnitTestAdapter, Microsoft.VisualStudio.QualityTools.Tips.UnitTest.Adapter, Version=10.0.0.0, Culture=neutral, PublicKeyToken=b03f5f7f11d50a3a" className="WcfHttpAuth.IntegrationTests.When_calling_a_wsse_auth_service, WcfHttpAuth.IntegrationTests, Version=1.0.0.0, Culture=neutral, PublicKeyToken=null" name="Given_credentials_are_valid_then_should_return_200" />
    </UnitTest>
    <UnitTest name="Given_credentials_are_invalid_then_should_return_401" storage="c:\code\wcfhttpauth\wcfhttpauth.integrationtests\bin\debug\wcfhttpauth.integrationtests.dll" id="66708f93-7293-f476-715a-1f4ac9ebac9e">
      <Execution id="d305744c-b529-4b1f-9762-a8c93401433b" />
      <TestMethod codeBase="C:/Code/WcfHttpAuth/WcfHttpAuth.IntegrationTests/bin/Debug/WcfHttpAuth.IntegrationTests.DLL" adapterTypeName="Microsoft.VisualStudio.TestTools.TestTypes.Unit.UnitTestAdapter, Microsoft.VisualStudio.QualityTools.Tips.UnitTest.Adapter, Version=10.0.0.0, Culture=neutral, PublicKeyToken=b03f5f7f11d50a3a" className="WcfHttpAuth.IntegrationTests.When_calling_a_basic_auth_service, WcfHttpAuth.IntegrationTests, Version=1.0.0.0, Culture=neutral, PublicKeyToken=null" name="Given_credentials_are_invalid_then_should_return_401" />
    </UnitTest>
    <UnitTest name="Given_timestamp_is_above_the_approved_threshold_then_should_return_401" storage="c:\code\wcfhttpauth\wcfhttpauth.integrationtests\bin\debug\wcfhttpauth.integrationtests.dll" id="5d878050-317c-80e9-9104-b446890bd937">
      <Execution id="a45d1d47-56b6-41be-85b3-9b88b7924d0a" />
      <TestMethod codeBase="C:/Code/WcfHttpAuth/WcfHttpAuth.IntegrationTests/bin/Debug/WcfHttpAuth.IntegrationTests.DLL" adapterTypeName="Microsoft.VisualStudio.TestTools.TestTypes.Unit.UnitTestAdapter, Microsoft.VisualStudio.QualityTools.Tips.UnitTest.Adapter, Version=10.0.0.0, Culture=neutral, PublicKeyToken=b03f5f7f11d50a3a" className="WcfHttpAuth.IntegrationTests.When_calling_a_wsse_auth_service, WcfHttpAuth.IntegrationTests, Version=1.0.0.0, Culture=neutral, PublicKeyToken=null" name="Given_timestamp_is_above_the_approved_threshold_then_should_return_401" />
    </UnitTest>
    <UnitTest name="Given_timestamp_is_below_the_approved_threshold_then_should_return_401" storage="c:\code\wcfhttpauth\wcfhttpauth.integrationtests\bin\debug\wcfhttpauth.integrationtests.dll" id="ba1b1b35-e1e2-2b9b-09cc-5b51b77ffa91">
      <Execution id="d238291a-7484-4d55-90fc-7cbc91da9004" />
      <TestMethod codeBase="C:/Code/WcfHttpAuth/WcfHttpAuth.IntegrationTests/bin/Debug/WcfHttpAuth.IntegrationTests.DLL" adapterTypeName="Microsoft.VisualStudio.TestTools.TestTypes.Unit.UnitTestAdapter, Microsoft.VisualStudio.QualityTools.Tips.UnitTest.Adapter, Version=10.0.0.0, Culture=neutral, PublicKeyToken=b03f5f7f11d50a3a" className="WcfHttpAuth.IntegrationTests.When_calling_a_wsse_auth_service, WcfHttpAuth.IntegrationTests, Version=1.0.0.0, Culture=neutral, PublicKeyToken=null" name="Given_timestamp_is_below_the_approved_threshold_then_should_return_401" />
    </UnitTest>
    <UnitTest name="Given_credentials_are_valid_then_should_return_200" storage="c:\code\wcfhttpauth\wcfhttpauth.integrationtests\bin\debug\wcfhttpauth.integrationtests.dll" id="d2c4f2ed-2807-a47b-bc9e-9a4b6401e12e">
      <Execution id="ca0ead06-1fee-4820-afa1-dafe69686c08" />
      <TestMethod codeBase="C:/Code/WcfHttpAuth/WcfHttpAuth.IntegrationTests/bin/Debug/WcfHttpAuth.IntegrationTests.DLL" adapterTypeName="Microsoft.VisualStudio.TestTools.TestTypes.Unit.UnitTestAdapter, Microsoft.VisualStudio.QualityTools.Tips.UnitTest.Adapter, Version=10.0.0.0, Culture=neutral, PublicKeyToken=b03f5f7f11d50a3a" className="WcfHttpAuth.IntegrationTests.When_calling_a_basic_auth_service, WcfHttpAuth.IntegrationTests, Version=1.0.0.0, Culture=neutral, PublicKeyToken=null" name="Given_credentials_are_valid_then_should_return_200" />
    </UnitTest>
  </TestDefinitions>
  <TestLists>
    <TestList name="Results Not in a List" id="8c84fa94-04c1-424b-9868-57a2d4851a1d" />
    <TestList name="All Loaded Results" id="19431567-8539-422a-85d7-44ee4e166bda" />
  </TestLists>
  <TestEntries>
    <TestEntry testId="3d5a2998-aebd-79e2-bb3a-f979cf6d64b5" executionId="bbbb9c3c-8cd6-4c6e-a962-871b2483ec67" testListId="8c84fa94-04c1-424b-9868-57a2d4851a1d" />
    <TestEntry testId="5d878050-317c-80e9-9104-b446890bd937" executionId="a45d1d47-56b6-41be-85b3-9b88b7924d0a" testListId="8c84fa94-04c1-424b-9868-57a2d4851a1d" />
    <TestEntry testId="66708f93-7293-f476-715a-1f4ac9ebac9e" executionId="d305744c-b529-4b1f-9762-a8c93401433b" testListId="8c84fa94-04c1-424b-9868-57a2d4851a1d" />
    <TestEntry testId="9566efb0-741c-90b7-c3af-168c9f4ebed6" executionId="60f64c14-c26e-4866-95d7-b69116f11258" testListId="8c84fa94-04c1-424b-9868-57a2d4851a1d" />
    <TestEntry testId="ba1b1b35-e1e2-2b9b-09cc-5b51b77ffa91" executionId="d238291a-7484-4d55-90fc-7cbc91da9004" testListId="8c84fa94-04c1-424b-9868-57a2d4851a1d" />
    <TestEntry testId="d2c4f2ed-2807-a47b-bc9e-9a4b6401e12e" executionId="ca0ead06-1fee-4820-afa1-dafe69686c08" testListId="8c84fa94-04c1-424b-9868-57a2d4851a1d" />
  </TestEntries>
  <Results>
    <UnitTestResult executionId="bbbb9c3c-8cd6-4c6e-a962-871b2483ec67" testId="3d5a2998-aebd-79e2-bb3a-f979cf6d64b5" testName="Given_credentials_are_valid_then_should_return_200" computerName="JAVI-PC" duration="00:00:01.6460225" startTime="2010-09-19T16:50:36.3536798+02:00" endTime="2010-09-19T16:50:38.2737896+02:00" testType="13cdc9d9-ddb5-4fa4-a97d-d965ccfc6d4b" outcome="Passed" testListId="8c84fa94-04c1-424b-9868-57a2d4851a1d" relativeResultsDirectory="bbbb9c3c-8cd6-4c6e-a962-871b2483ec67">
    </UnitTestResult>
    <UnitTestResult executionId="a45d1d47-56b6-41be-85b3-9b88b7924d0a" testId="5d878050-317c-80e9-9104-b446890bd937" testName="Given_timestamp_is_above_the_approved_threshold_then_should_return_401" computerName="JAVI-PC" duration="00:00:00.0052792" startTime="2010-09-19T16:50:38.2757897+02:00" endTime="2010-09-19T16:50:38.2887905+02:00" testType="13cdc9d9-ddb5-4fa4-a97d-d965ccfc6d4b" outcome="Passed" testListId="8c84fa94-04c1-424b-9868-57a2d4851a1d" relativeResultsDirectory="a45d1d47-56b6-41be-85b3-9b88b7924d0a">
    </UnitTestResult>
    <UnitTestResult executionId="d305744c-b529-4b1f-9762-a8c93401433b" testId="66708f93-7293-f476-715a-1f4ac9ebac9e" testName="Given_credentials_are_invalid_then_should_return_401" computerName="JAVI-PC" duration="00:00:00.0117095" startTime="2010-09-19T16:50:38.2897905+02:00" endTime="2010-09-19T16:50:38.3087916+02:00" testType="13cdc9d9-ddb5-4fa4-a97d-d965ccfc6d4b" outcome="Passed" testListId="8c84fa94-04c1-424b-9868-57a2d4851a1d" relativeResultsDirectory="d305744c-b529-4b1f-9762-a8c93401433b">
    </UnitTestResult>
    <UnitTestResult executionId="60f64c14-c26e-4866-95d7-b69116f11258" testId="9566efb0-741c-90b7-c3af-168c9f4ebed6" testName="Given_credentials_are_invalid_then_should_return_401" computerName="JAVI-PC" duration="00:00:00.0046684" startTime="2010-09-19T16:50:38.3117918+02:00" endTime="2010-09-19T16:50:38.3217924+02:00" testType="13cdc9d9-ddb5-4fa4-a97d-d965ccfc6d4b" outcome="Passed" testListId="8c84fa94-04c1-424b-9868-57a2d4851a1d" relativeResultsDirectory="60f64c14-c26e-4866-95d7-b69116f11258">
    </UnitTestResult>
    <UnitTestResult executionId="d238291a-7484-4d55-90fc-7cbc91da9004" testId="ba1b1b35-e1e2-2b9b-09cc-5b51b77ffa91" testName="Given_timestamp_is_below_the_approved_threshold_then_should_return_401" computerName="JAVI-PC" duration="00:00:00.0048133" startTime="2010-09-19T16:50:38.3237925+02:00" endTime="2010-09-19T16:50:38.3337931+02:00" testType="13cdc9d9-ddb5-4fa4-a97d-d965ccfc6d4b" outcome="Passed" testListId="8c84fa94-04c1-424b-9868-57a2d4851a1d" relativeResultsDirectory="d238291a-7484-4d55-90fc-7cbc91da9004">
    </UnitTestResult>
    <UnitTestResult executionId="ca0ead06-1fee-4820-afa1-dafe69686c08" testId="d2c4f2ed-2807-a47b-bc9e-9a4b6401e12e" testName="Given_credentials_are_valid_then_should_return_200" computerName="JAVI-PC" duration="00:00:00.0058552" startTime="2010-09-19T16:50:38.3357932+02:00" endTime="2010-09-19T16:50:38.3467938+02:00" testType="13cdc9d9-ddb5-4fa4-a97d-d965ccfc6d4b" outcome="Passed" testListId="8c84fa94-04c1-424b-9868-57a2d4851a1d" relativeResultsDirectory="ca0ead06-1fee-4820-afa1-dafe69686c08">
    </UnitTestResult>
  </Results>
</TestRun>